{"C:\\Users\\cemp2\\Documents\\GitHub\\battlecard-api\\clases\\carta.js": {"path":"C:\\Users\\cemp2\\Documents\\GitHub\\battlecard-api\\clases\\carta.js","statementMap":{"0":{"start":{"line":1,"column":17},"end":{"line":6,"column":1}},"1":{"start":{"line":7,"column":0},"end":{"line":7,"column":24}},"2":{"start":{"line":11,"column":4},"end":{"line":11,"column":14}},"3":{"start":{"line":14,"column":4},"end":{"line":14,"column":13}},"4":{"start":{"line":17,"column":4},"end":{"line":17,"column":46}},"5":{"start":{"line":20,"column":4},"end":{"line":20,"column":20}},"6":{"start":{"line":28,"column":4},"end":{"line":28,"column":23}},"7":{"start":{"line":29,"column":4},"end":{"line":29,"column":29}},"8":{"start":{"line":33,"column":0},"end":{"line":33,"column":23}}},"fnMap":{"0":{"name":"(anonymous_0)","decl":{"start":{"line":10,"column":2},"end":{"line":10,"column":3}},"loc":{"start":{"line":10,"column":31},"end":{"line":12,"column":3}},"line":10},"1":{"name":"(anonymous_1)","decl":{"start":{"line":13,"column":2},"end":{"line":13,"column":3}},"loc":{"start":{"line":13,"column":31},"end":{"line":15,"column":3}},"line":13},"2":{"name":"(anonymous_2)","decl":{"start":{"line":16,"column":2},"end":{"line":16,"column":3}},"loc":{"start":{"line":16,"column":39},"end":{"line":18,"column":3}},"line":16},"3":{"name":"(anonymous_3)","decl":{"start":{"line":19,"column":2},"end":{"line":19,"column":3}},"loc":{"start":{"line":19,"column":24},"end":{"line":21,"column":3}},"line":19},"4":{"name":"(anonymous_4)","decl":{"start":{"line":27,"column":2},"end":{"line":27,"column":3}},"loc":{"start":{"line":27,"column":31},"end":{"line":30,"column":3}},"line":27}},"branchMap":{},"s":{"0":4,"1":4,"2":7615,"3":2,"4":6849,"5":7830,"6":825,"7":825,"8":4},"f":{"0":7615,"1":2,"2":6849,"3":7830,"4":825},"b":{},"_coverageSchema":"332fd63041d2c1bcb487cc26dd0d5f7d97098a6c","hash":"130cad0f14be7ed7ab4fcc945da8f7e67ad7f8d0"}
,"C:\\Users\\cemp2\\Documents\\GitHub\\battlecard-api\\clases\\celdabatalla.js": {"path":"C:\\Users\\cemp2\\Documents\\GitHub\\battlecard-api\\clases\\celdabatalla.js","statementMap":{"0":{"start":{"line":2,"column":14},"end":{"line":2,"column":35}},"1":{"start":{"line":4,"column":15},"end":{"line":14,"column":1}},"2":{"start":{"line":15,"column":0},"end":{"line":15,"column":22}},"3":{"start":{"line":19,"column":4},"end":{"line":19,"column":18}},"4":{"start":{"line":23,"column":4},"end":{"line":23,"column":55}},"5":{"start":{"line":24,"column":4},"end":{"line":24,"column":63}},"6":{"start":{"line":25,"column":4},"end":{"line":25,"column":67}},"7":{"start":{"line":29,"column":4},"end":{"line":29,"column":22}},"8":{"start":{"line":38,"column":4},"end":{"line":38,"column":33}},"9":{"start":{"line":39,"column":4},"end":{"line":39,"column":67}},"10":{"start":{"line":40,"column":4},"end":{"line":42,"column":68}},"11":{"start":{"line":41,"column":6},"end":{"line":41,"column":62}},"12":{"start":{"line":42,"column":9},"end":{"line":42,"column":68}},"13":{"start":{"line":43,"column":4},"end":{"line":43,"column":23}},"14":{"start":{"line":50,"column":4},"end":{"line":51,"column":58}},"15":{"start":{"line":51,"column":6},"end":{"line":51,"column":58}},"16":{"start":{"line":52,"column":4},"end":{"line":53,"column":64}},"17":{"start":{"line":53,"column":6},"end":{"line":53,"column":64}},"18":{"start":{"line":54,"column":4},"end":{"line":54,"column":33}},"19":{"start":{"line":55,"column":4},"end":{"line":55,"column":67}},"20":{"start":{"line":56,"column":4},"end":{"line":56,"column":22}},"21":{"start":{"line":60,"column":14},"end":{"line":62,"column":5}},"22":{"start":{"line":63,"column":4},"end":{"line":64,"column":62}},"23":{"start":{"line":64,"column":6},"end":{"line":64,"column":62}},"24":{"start":{"line":65,"column":4},"end":{"line":65,"column":15}},"25":{"start":{"line":69,"column":14},"end":{"line":71,"column":5}},"26":{"start":{"line":72,"column":4},"end":{"line":73,"column":65}},"27":{"start":{"line":73,"column":6},"end":{"line":73,"column":65}},"28":{"start":{"line":74,"column":4},"end":{"line":74,"column":15}},"29":{"start":{"line":78,"column":4},"end":{"line":78,"column":63}},"30":{"start":{"line":79,"column":4},"end":{"line":79,"column":67}},"31":{"start":{"line":86,"column":4},"end":{"line":86,"column":22}},"32":{"start":{"line":87,"column":4},"end":{"line":87,"column":63}},"33":{"start":{"line":88,"column":4},"end":{"line":88,"column":67}},"34":{"start":{"line":89,"column":4},"end":{"line":89,"column":55}},"35":{"start":{"line":93,"column":0},"end":{"line":93,"column":30}}},"fnMap":{"0":{"name":"(anonymous_0)","decl":{"start":{"line":18,"column":2},"end":{"line":18,"column":3}},"loc":{"start":{"line":18,"column":22},"end":{"line":20,"column":3}},"line":18},"1":{"name":"(anonymous_1)","decl":{"start":{"line":22,"column":2},"end":{"line":22,"column":3}},"loc":{"start":{"line":22,"column":16},"end":{"line":30,"column":3}},"line":22},"2":{"name":"(anonymous_2)","decl":{"start":{"line":37,"column":2},"end":{"line":37,"column":3}},"loc":{"start":{"line":37,"column":34},"end":{"line":44,"column":3}},"line":37},"3":{"name":"(anonymous_3)","decl":{"start":{"line":49,"column":2},"end":{"line":49,"column":3}},"loc":{"start":{"line":49,"column":36},"end":{"line":57,"column":3}},"line":49},"4":{"name":"(anonymous_4)","decl":{"start":{"line":59,"column":2},"end":{"line":59,"column":3}},"loc":{"start":{"line":59,"column":32},"end":{"line":66,"column":3}},"line":59},"5":{"name":"(anonymous_5)","decl":{"start":{"line":68,"column":2},"end":{"line":68,"column":3}},"loc":{"start":{"line":68,"column":33},"end":{"line":75,"column":3}},"line":68},"6":{"name":"(anonymous_6)","decl":{"start":{"line":77,"column":2},"end":{"line":77,"column":3}},"loc":{"start":{"line":77,"column":20},"end":{"line":80,"column":3}},"line":77},"7":{"name":"(anonymous_7)","decl":{"start":{"line":82,"column":2},"end":{"line":82,"column":3}},"loc":{"start":{"line":82,"column":16},"end":{"line":90,"column":3}},"line":82}},"branchMap":{"0":{"loc":{"start":{"line":40,"column":4},"end":{"line":42,"column":68}},"type":"if","locations":[{"start":{"line":40,"column":4},"end":{"line":42,"column":68}},{"start":{"line":40,"column":4},"end":{"line":42,"column":68}}],"line":40},"1":{"loc":{"start":{"line":50,"column":4},"end":{"line":51,"column":58}},"type":"if","locations":[{"start":{"line":50,"column":4},"end":{"line":51,"column":58}},{"start":{"line":50,"column":4},"end":{"line":51,"column":58}}],"line":50},"2":{"loc":{"start":{"line":52,"column":4},"end":{"line":53,"column":64}},"type":"if","locations":[{"start":{"line":52,"column":4},"end":{"line":53,"column":64}},{"start":{"line":52,"column":4},"end":{"line":53,"column":64}}],"line":52},"3":{"loc":{"start":{"line":63,"column":4},"end":{"line":64,"column":62}},"type":"if","locations":[{"start":{"line":63,"column":4},"end":{"line":64,"column":62}},{"start":{"line":63,"column":4},"end":{"line":64,"column":62}}],"line":63},"4":{"loc":{"start":{"line":72,"column":4},"end":{"line":73,"column":65}},"type":"if","locations":[{"start":{"line":72,"column":4},"end":{"line":73,"column":65}},{"start":{"line":72,"column":4},"end":{"line":73,"column":65}}],"line":72}},"s":{"0":4,"1":4,"2":4,"3":1487,"4":388,"5":388,"6":388,"7":388,"8":46,"9":46,"10":46,"11":35,"12":11,"13":46,"14":5,"15":1,"16":4,"17":1,"18":3,"19":3,"20":3,"21":3,"22":3,"23":2,"24":3,"25":2,"26":2,"27":1,"28":2,"29":2,"30":2,"31":1,"32":1,"33":1,"34":1,"35":4},"f":{"0":1487,"1":388,"2":46,"3":5,"4":3,"5":2,"6":2,"7":1},"b":{"0":[35,11],"1":[1,4],"2":[1,3],"3":[2,1],"4":[1,1]},"_coverageSchema":"332fd63041d2c1bcb487cc26dd0d5f7d97098a6c","hash":"b24e97d537bb4fcdc4e81743c20fc6b69a505a93"}
,"C:\\Users\\cemp2\\Documents\\GitHub\\battlecard-api\\clases\\juego.js": {"path":"C:\\Users\\cemp2\\Documents\\GitHub\\battlecard-api\\clases\\juego.js","statementMap":{"0":{"start":{"line":1,"column":18},"end":{"line":1,"column":41}},"1":{"start":{"line":3,"column":17},"end":{"line":7,"column":1}},"2":{"start":{"line":8,"column":0},"end":{"line":8,"column":24}},"3":{"start":{"line":12,"column":4},"end":{"line":12,"column":20}},"4":{"start":{"line":18,"column":4},"end":{"line":18,"column":22}},"5":{"start":{"line":22,"column":4},"end":{"line":22,"column":30}},"6":{"start":{"line":26,"column":4},"end":{"line":26,"column":32}},"7":{"start":{"line":27,"column":4},"end":{"line":27,"column":29}},"8":{"start":{"line":28,"column":4},"end":{"line":28,"column":36}},"9":{"start":{"line":29,"column":4},"end":{"line":29,"column":28}},"10":{"start":{"line":30,"column":4},"end":{"line":30,"column":25}},"11":{"start":{"line":31,"column":4},"end":{"line":31,"column":24}},"12":{"start":{"line":32,"column":4},"end":{"line":32,"column":36}},"13":{"start":{"line":40,"column":15},"end":{"line":40,"column":17}},"14":{"start":{"line":41,"column":4},"end":{"line":53,"column":5}},"15":{"start":{"line":41,"column":43},"end":{"line":41,"column":100}},"16":{"start":{"line":42,"column":9},"end":{"line":53,"column":5}},"17":{"start":{"line":42,"column":34},"end":{"line":42,"column":70}},"18":{"start":{"line":43,"column":9},"end":{"line":53,"column":5}},"19":{"start":{"line":43,"column":38},"end":{"line":43,"column":64}},"20":{"start":{"line":43,"column":80},"end":{"line":43,"column":128}},"21":{"start":{"line":45,"column":6},"end":{"line":45,"column":30}},"22":{"start":{"line":46,"column":16},"end":{"line":46,"column":42}},"23":{"start":{"line":47,"column":6},"end":{"line":47,"column":29}},"24":{"start":{"line":48,"column":6},"end":{"line":48,"column":24}},"25":{"start":{"line":49,"column":6},"end":{"line":49,"column":99}},"26":{"start":{"line":50,"column":6},"end":{"line":50,"column":86}},"27":{"start":{"line":51,"column":6},"end":{"line":51,"column":55}},"28":{"start":{"line":52,"column":6},"end":{"line":52,"column":52}},"29":{"start":{"line":54,"column":4},"end":{"line":54,"column":16}},"30":{"start":{"line":58,"column":19},"end":{"line":58,"column":21}},"31":{"start":{"line":59,"column":4},"end":{"line":61,"column":5}},"32":{"start":{"line":60,"column":6},"end":{"line":60,"column":29}},"33":{"start":{"line":62,"column":4},"end":{"line":62,"column":19}},"34":{"start":{"line":66,"column":4},"end":{"line":69,"column":5}},"35":{"start":{"line":68,"column":6},"end":{"line":68,"column":53}},"36":{"start":{"line":70,"column":4},"end":{"line":85,"column":5}},"37":{"start":{"line":72,"column":6},"end":{"line":72,"column":39}},"38":{"start":{"line":73,"column":6},"end":{"line":73,"column":39}},"39":{"start":{"line":74,"column":6},"end":{"line":74,"column":39}},"40":{"start":{"line":75,"column":6},"end":{"line":75,"column":43}},"41":{"start":{"line":76,"column":6},"end":{"line":76,"column":45}},"42":{"start":{"line":77,"column":6},"end":{"line":77,"column":42}},"43":{"start":{"line":78,"column":6},"end":{"line":78,"column":45}},"44":{"start":{"line":79,"column":6},"end":{"line":79,"column":40}},"45":{"start":{"line":80,"column":6},"end":{"line":80,"column":40}},"46":{"start":{"line":81,"column":6},"end":{"line":81,"column":30}},"47":{"start":{"line":84,"column":6},"end":{"line":84,"column":52}},"48":{"start":{"line":89,"column":4},"end":{"line":89,"column":41}},"49":{"start":{"line":90,"column":4},"end":{"line":90,"column":20}},"50":{"start":{"line":91,"column":4},"end":{"line":91,"column":30}},"51":{"start":{"line":92,"column":4},"end":{"line":92,"column":32}},"52":{"start":{"line":93,"column":4},"end":{"line":93,"column":29}},"53":{"start":{"line":94,"column":4},"end":{"line":94,"column":36}},"54":{"start":{"line":95,"column":4},"end":{"line":95,"column":28}},"55":{"start":{"line":96,"column":4},"end":{"line":96,"column":25}},"56":{"start":{"line":97,"column":4},"end":{"line":97,"column":24}},"57":{"start":{"line":98,"column":4},"end":{"line":98,"column":36}},"58":{"start":{"line":102,"column":21},"end":{"line":102,"column":39}},"59":{"start":{"line":103,"column":4},"end":{"line":103,"column":46}},"60":{"start":{"line":104,"column":4},"end":{"line":104,"column":38}},"61":{"start":{"line":105,"column":4},"end":{"line":105,"column":37}},"62":{"start":{"line":106,"column":4},"end":{"line":106,"column":39}},"63":{"start":{"line":107,"column":4},"end":{"line":107,"column":42}},"64":{"start":{"line":111,"column":4},"end":{"line":111,"column":33}},"65":{"start":{"line":112,"column":14},"end":{"line":112,"column":41}},"66":{"start":{"line":113,"column":4},"end":{"line":123,"column":6}},"67":{"start":{"line":124,"column":4},"end":{"line":126,"column":5}},"68":{"start":{"line":125,"column":6},"end":{"line":125,"column":27}},"69":{"start":{"line":127,"column":4},"end":{"line":127,"column":14}},"70":{"start":{"line":132,"column":14},"end":{"line":132,"column":55}},"71":{"start":{"line":133,"column":4},"end":{"line":136,"column":5}},"72":{"start":{"line":134,"column":6},"end":{"line":134,"column":60}},"73":{"start":{"line":135,"column":6},"end":{"line":135,"column":63}},"74":{"start":{"line":137,"column":4},"end":{"line":137,"column":14}},"75":{"start":{"line":146,"column":4},"end":{"line":150,"column":6}},"76":{"start":{"line":154,"column":4},"end":{"line":159,"column":5}},"77":{"start":{"line":163,"column":4},"end":{"line":166,"column":5}},"78":{"start":{"line":174,"column":13},"end":{"line":174,"column":89}},"79":{"start":{"line":175,"column":4},"end":{"line":179,"column":5}},"80":{"start":{"line":176,"column":6},"end":{"line":178,"column":7}},"81":{"start":{"line":177,"column":8},"end":{"line":177,"column":29}},"82":{"start":{"line":180,"column":4},"end":{"line":180,"column":14}},"83":{"start":{"line":188,"column":14},"end":{"line":188,"column":103}},"84":{"start":{"line":189,"column":4},"end":{"line":193,"column":5}},"85":{"start":{"line":190,"column":6},"end":{"line":192,"column":7}},"86":{"start":{"line":191,"column":8},"end":{"line":191,"column":29}},"87":{"start":{"line":194,"column":4},"end":{"line":194,"column":14}},"88":{"start":{"line":198,"column":4},"end":{"line":198,"column":61}},"89":{"start":{"line":202,"column":4},"end":{"line":202,"column":67}},"90":{"start":{"line":202,"column":36},"end":{"line":202,"column":63}},"91":{"start":{"line":206,"column":0},"end":{"line":206,"column":23}}},"fnMap":{"0":{"name":"(anonymous_0)","decl":{"start":{"line":11,"column":2},"end":{"line":11,"column":3}},"loc":{"start":{"line":11,"column":24},"end":{"line":13,"column":3}},"line":11},"1":{"name":"(anonymous_1)","decl":{"start":{"line":14,"column":2},"end":{"line":14,"column":3}},"loc":{"start":{"line":14,"column":16},"end":{"line":33,"column":3}},"line":14},"2":{"name":"(anonymous_2)","decl":{"start":{"line":39,"column":2},"end":{"line":39,"column":3}},"loc":{"start":{"line":39,"column":27},"end":{"line":55,"column":3}},"line":39},"3":{"name":"(anonymous_3)","decl":{"start":{"line":43,"column":32},"end":{"line":43,"column":33}},"loc":{"start":{"line":43,"column":38},"end":{"line":43,"column":64}},"line":43},"4":{"name":"(anonymous_4)","decl":{"start":{"line":57,"column":2},"end":{"line":57,"column":3}},"loc":{"start":{"line":57,"column":26},"end":{"line":63,"column":3}},"line":57},"5":{"name":"(anonymous_5)","decl":{"start":{"line":65,"column":2},"end":{"line":65,"column":3}},"loc":{"start":{"line":65,"column":17},"end":{"line":86,"column":3}},"line":65},"6":{"name":"(anonymous_6)","decl":{"start":{"line":88,"column":2},"end":{"line":88,"column":3}},"loc":{"start":{"line":88,"column":18},"end":{"line":99,"column":3}},"line":88},"7":{"name":"(anonymous_7)","decl":{"start":{"line":101,"column":2},"end":{"line":101,"column":3}},"loc":{"start":{"line":101,"column":26},"end":{"line":108,"column":3}},"line":101},"8":{"name":"(anonymous_8)","decl":{"start":{"line":110,"column":2},"end":{"line":110,"column":3}},"loc":{"start":{"line":110,"column":17},"end":{"line":128,"column":3}},"line":110},"9":{"name":"(anonymous_9)","decl":{"start":{"line":131,"column":2},"end":{"line":131,"column":3}},"loc":{"start":{"line":131,"column":24},"end":{"line":138,"column":3}},"line":131},"10":{"name":"(anonymous_10)","decl":{"start":{"line":145,"column":2},"end":{"line":145,"column":3}},"loc":{"start":{"line":145,"column":46},"end":{"line":151,"column":3}},"line":145},"11":{"name":"(anonymous_11)","decl":{"start":{"line":153,"column":2},"end":{"line":153,"column":3}},"loc":{"start":{"line":153,"column":47},"end":{"line":160,"column":3}},"line":153},"12":{"name":"(anonymous_12)","decl":{"start":{"line":162,"column":2},"end":{"line":162,"column":3}},"loc":{"start":{"line":162,"column":33},"end":{"line":167,"column":3}},"line":162},"13":{"name":"(anonymous_13)","decl":{"start":{"line":173,"column":2},"end":{"line":173,"column":3}},"loc":{"start":{"line":173,"column":33},"end":{"line":181,"column":3}},"line":173},"14":{"name":"(anonymous_14)","decl":{"start":{"line":187,"column":2},"end":{"line":187,"column":3}},"loc":{"start":{"line":187,"column":46},"end":{"line":195,"column":3}},"line":187},"15":{"name":"(anonymous_15)","decl":{"start":{"line":197,"column":2},"end":{"line":197,"column":3}},"loc":{"start":{"line":197,"column":34},"end":{"line":199,"column":3}},"line":197},"16":{"name":"(anonymous_16)","decl":{"start":{"line":201,"column":2},"end":{"line":201,"column":3}},"loc":{"start":{"line":201,"column":25},"end":{"line":203,"column":3}},"line":201},"17":{"name":"(anonymous_17)","decl":{"start":{"line":202,"column":31},"end":{"line":202,"column":32}},"loc":{"start":{"line":202,"column":36},"end":{"line":202,"column":63}},"line":202}},"branchMap":{"0":{"loc":{"start":{"line":41,"column":4},"end":{"line":53,"column":5}},"type":"if","locations":[{"start":{"line":41,"column":4},"end":{"line":53,"column":5}},{"start":{"line":41,"column":4},"end":{"line":53,"column":5}}],"line":41},"1":{"loc":{"start":{"line":42,"column":9},"end":{"line":53,"column":5}},"type":"if","locations":[{"start":{"line":42,"column":9},"end":{"line":53,"column":5}},{"start":{"line":42,"column":9},"end":{"line":53,"column":5}}],"line":42},"2":{"loc":{"start":{"line":43,"column":9},"end":{"line":53,"column":5}},"type":"if","locations":[{"start":{"line":43,"column":9},"end":{"line":53,"column":5}},{"start":{"line":43,"column":9},"end":{"line":53,"column":5}}],"line":43},"3":{"loc":{"start":{"line":49,"column":6},"end":{"line":49,"column":99}},"type":"cond-expr","locations":[{"start":{"line":49,"column":32},"end":{"line":49,"column":64}},{"start":{"line":49,"column":67},"end":{"line":49,"column":99}}],"line":49},"4":{"loc":{"start":{"line":50,"column":6},"end":{"line":50,"column":85}},"type":"cond-expr","locations":[{"start":{"line":50,"column":43},"end":{"line":50,"column":62}},{"start":{"line":50,"column":65},"end":{"line":50,"column":85}}],"line":50},"5":{"loc":{"start":{"line":66,"column":4},"end":{"line":69,"column":5}},"type":"if","locations":[{"start":{"line":66,"column":4},"end":{"line":69,"column":5}},{"start":{"line":66,"column":4},"end":{"line":69,"column":5}}],"line":66},"6":{"loc":{"start":{"line":66,"column":7},"end":{"line":67,"column":48}},"type":"binary-expr","locations":[{"start":{"line":66,"column":7},"end":{"line":66,"column":41}},{"start":{"line":67,"column":4},"end":{"line":67,"column":48}}],"line":66},"7":{"loc":{"start":{"line":70,"column":4},"end":{"line":85,"column":5}},"type":"if","locations":[{"start":{"line":70,"column":4},"end":{"line":85,"column":5}},{"start":{"line":70,"column":4},"end":{"line":85,"column":5}}],"line":70},"8":{"loc":{"start":{"line":70,"column":8},"end":{"line":71,"column":48}},"type":"binary-expr","locations":[{"start":{"line":70,"column":8},"end":{"line":70,"column":42}},{"start":{"line":71,"column":4},"end":{"line":71,"column":48}}],"line":70},"9":{"loc":{"start":{"line":124,"column":4},"end":{"line":126,"column":5}},"type":"if","locations":[{"start":{"line":124,"column":4},"end":{"line":126,"column":5}},{"start":{"line":124,"column":4},"end":{"line":126,"column":5}}],"line":124},"10":{"loc":{"start":{"line":133,"column":4},"end":{"line":136,"column":5}},"type":"if","locations":[{"start":{"line":133,"column":4},"end":{"line":136,"column":5}},{"start":{"line":133,"column":4},"end":{"line":136,"column":5}}],"line":133},"11":{"loc":{"start":{"line":175,"column":4},"end":{"line":179,"column":5}},"type":"if","locations":[{"start":{"line":175,"column":4},"end":{"line":179,"column":5}},{"start":{"line":175,"column":4},"end":{"line":179,"column":5}}],"line":175},"12":{"loc":{"start":{"line":176,"column":6},"end":{"line":178,"column":7}},"type":"if","locations":[{"start":{"line":176,"column":6},"end":{"line":178,"column":7}},{"start":{"line":176,"column":6},"end":{"line":178,"column":7}}],"line":176},"13":{"loc":{"start":{"line":189,"column":4},"end":{"line":193,"column":5}},"type":"if","locations":[{"start":{"line":189,"column":4},"end":{"line":193,"column":5}},{"start":{"line":189,"column":4},"end":{"line":193,"column":5}}],"line":189},"14":{"loc":{"start":{"line":190,"column":6},"end":{"line":192,"column":7}},"type":"if","locations":[{"start":{"line":190,"column":6},"end":{"line":192,"column":7}},{"start":{"line":190,"column":6},"end":{"line":192,"column":7}}],"line":190}},"s":{"0":1,"1":1,"2":1,"3":23,"4":15,"5":15,"6":15,"7":15,"8":15,"9":15,"10":15,"11":15,"12":15,"13":23,"14":23,"15":1,"16":22,"17":0,"18":22,"19":10,"20":0,"21":22,"22":22,"23":22,"24":22,"25":22,"26":22,"27":22,"28":22,"29":23,"30":23,"31":23,"32":34,"33":23,"34":9,"35":1,"36":8,"37":7,"38":7,"39":7,"40":7,"41":7,"42":7,"43":7,"44":7,"45":7,"46":7,"47":1,"48":0,"49":0,"50":0,"51":0,"52":0,"53":0,"54":0,"55":0,"56":0,"57":0,"58":1,"59":1,"60":1,"61":1,"62":1,"63":1,"64":0,"65":0,"66":0,"67":0,"68":0,"69":0,"70":0,"71":0,"72":0,"73":0,"74":0,"75":0,"76":0,"77":0,"78":0,"79":0,"80":0,"81":0,"82":0,"83":0,"84":0,"85":0,"86":0,"87":0,"88":0,"89":0,"90":0,"91":1},"f":{"0":23,"1":15,"2":23,"3":10,"4":23,"5":9,"6":0,"7":1,"8":0,"9":0,"10":0,"11":0,"12":0,"13":0,"14":0,"15":0,"16":0,"17":0},"b":{"0":[1,22],"1":[0,22],"2":[0,22],"3":[12,10],"4":[10,12],"5":[1,8],"6":[9,1],"7":[7,1],"8":[8,7],"9":[0,0],"10":[0,0],"11":[0,0],"12":[0,0],"13":[0,0],"14":[0,0]},"_coverageSchema":"332fd63041d2c1bcb487cc26dd0d5f7d97098a6c","hash":"06cf69362de1a69a4fe2f74b8588d38aa3f2178d"}
,"C:\\Users\\cemp2\\Documents\\GitHub\\battlecard-api\\clases\\jugador.js": {"path":"C:\\Users\\cemp2\\Documents\\GitHub\\battlecard-api\\clases\\jugador.js","statementMap":{"0":{"start":{"line":2,"column":14},"end":{"line":2,"column":35}},"1":{"start":{"line":3,"column":21},"end":{"line":3,"column":49}},"2":{"start":{"line":5,"column":31},"end":{"line":9,"column":1}},"3":{"start":{"line":10,"column":0},"end":{"line":10,"column":38}},"4":{"start":{"line":11,"column":24},"end":{"line":15,"column":1}},"5":{"start":{"line":16,"column":0},"end":{"line":16,"column":31}},"6":{"start":{"line":17,"column":20},"end":{"line":20,"column":1}},"7":{"start":{"line":21,"column":0},"end":{"line":21,"column":27}},"8":{"start":{"line":24,"column":4},"end":{"line":24,"column":13}},"9":{"start":{"line":27,"column":4},"end":{"line":27,"column":13}},"10":{"start":{"line":30,"column":4},"end":{"line":30,"column":13}},"11":{"start":{"line":33,"column":4},"end":{"line":33,"column":65}},"12":{"start":{"line":36,"column":4},"end":{"line":36,"column":34}},"13":{"start":{"line":39,"column":4},"end":{"line":39,"column":27}},"14":{"start":{"line":42,"column":4},"end":{"line":42,"column":23}},"15":{"start":{"line":49,"column":4},"end":{"line":49,"column":31}},"16":{"start":{"line":50,"column":4},"end":{"line":50,"column":33}},"17":{"start":{"line":51,"column":4},"end":{"line":51,"column":43}},"18":{"start":{"line":55,"column":4},"end":{"line":55,"column":26}},"19":{"start":{"line":56,"column":4},"end":{"line":59,"column":5}},"20":{"start":{"line":57,"column":6},"end":{"line":57,"column":47}},"21":{"start":{"line":58,"column":6},"end":{"line":58,"column":39}},"22":{"start":{"line":63,"column":4},"end":{"line":63,"column":22}},"23":{"start":{"line":67,"column":4},"end":{"line":67,"column":19}},"24":{"start":{"line":71,"column":4},"end":{"line":71,"column":19}},"25":{"start":{"line":72,"column":4},"end":{"line":72,"column":21}},"26":{"start":{"line":73,"column":4},"end":{"line":73,"column":25}},"27":{"start":{"line":74,"column":4},"end":{"line":74,"column":38}},"28":{"start":{"line":75,"column":4},"end":{"line":75,"column":25}},"29":{"start":{"line":76,"column":4},"end":{"line":76,"column":25}},"30":{"start":{"line":81,"column":4},"end":{"line":89,"column":6}},"31":{"start":{"line":93,"column":4},"end":{"line":93,"column":37}},"32":{"start":{"line":97,"column":4},"end":{"line":97,"column":34}},"33":{"start":{"line":101,"column":4},"end":{"line":101,"column":28}},"34":{"start":{"line":105,"column":4},"end":{"line":105,"column":27}},"35":{"start":{"line":109,"column":4},"end":{"line":109,"column":19}},"36":{"start":{"line":110,"column":4},"end":{"line":110,"column":33}},"37":{"start":{"line":111,"column":4},"end":{"line":111,"column":43}},"38":{"start":{"line":112,"column":4},"end":{"line":112,"column":31}},"39":{"start":{"line":113,"column":4},"end":{"line":113,"column":38}},"40":{"start":{"line":114,"column":4},"end":{"line":127,"column":5}},"41":{"start":{"line":115,"column":6},"end":{"line":126,"column":7}},"42":{"start":{"line":116,"column":8},"end":{"line":123,"column":9}},"43":{"start":{"line":119,"column":10},"end":{"line":119,"column":74}},"44":{"start":{"line":120,"column":10},"end":{"line":120,"column":37}},"45":{"start":{"line":122,"column":10},"end":{"line":122,"column":77}},"46":{"start":{"line":124,"column":8},"end":{"line":124,"column":76}},"47":{"start":{"line":125,"column":8},"end":{"line":125,"column":45}},"48":{"start":{"line":134,"column":4},"end":{"line":135,"column":62}},"49":{"start":{"line":135,"column":6},"end":{"line":135,"column":62}},"50":{"start":{"line":136,"column":18},"end":{"line":136,"column":33}},"51":{"start":{"line":137,"column":4},"end":{"line":142,"column":5}},"52":{"start":{"line":138,"column":6},"end":{"line":138,"column":62}},"53":{"start":{"line":140,"column":6},"end":{"line":140,"column":28}},"54":{"start":{"line":141,"column":6},"end":{"line":141,"column":71}},"55":{"start":{"line":146,"column":4},"end":{"line":147,"column":46}},"56":{"start":{"line":147,"column":6},"end":{"line":147,"column":46}},"57":{"start":{"line":148,"column":4},"end":{"line":149,"column":44}},"58":{"start":{"line":149,"column":6},"end":{"line":149,"column":44}},"59":{"start":{"line":150,"column":4},"end":{"line":150,"column":20}},"60":{"start":{"line":154,"column":15},"end":{"line":154,"column":40}},"61":{"start":{"line":155,"column":4},"end":{"line":155,"column":40}},"62":{"start":{"line":155,"column":28},"end":{"line":155,"column":40}},"63":{"start":{"line":156,"column":4},"end":{"line":157,"column":57}},"64":{"start":{"line":157,"column":6},"end":{"line":157,"column":57}},"65":{"start":{"line":158,"column":4},"end":{"line":158,"column":21}},"66":{"start":{"line":167,"column":15},"end":{"line":167,"column":57}},"67":{"start":{"line":168,"column":4},"end":{"line":168,"column":40}},"68":{"start":{"line":168,"column":28},"end":{"line":168,"column":40}},"69":{"start":{"line":169,"column":4},"end":{"line":172,"column":56}},"70":{"start":{"line":172,"column":6},"end":{"line":172,"column":56}},"71":{"start":{"line":173,"column":4},"end":{"line":173,"column":21}},"72":{"start":{"line":183,"column":15},"end":{"line":183,"column":17}},"73":{"start":{"line":184,"column":4},"end":{"line":187,"column":6}},"74":{"start":{"line":188,"column":4},"end":{"line":197,"column":5}},"75":{"start":{"line":189,"column":6},"end":{"line":189,"column":42}},"76":{"start":{"line":190,"column":6},"end":{"line":190,"column":39}},"77":{"start":{"line":191,"column":6},"end":{"line":191,"column":41}},"78":{"start":{"line":192,"column":6},"end":{"line":193,"column":35}},"79":{"start":{"line":193,"column":8},"end":{"line":193,"column":35}},"80":{"start":{"line":194,"column":6},"end":{"line":194,"column":69}},"81":{"start":{"line":195,"column":6},"end":{"line":195,"column":25}},"82":{"start":{"line":196,"column":6},"end":{"line":196,"column":40}},"83":{"start":{"line":198,"column":4},"end":{"line":198,"column":16}},"84":{"start":{"line":206,"column":4},"end":{"line":206,"column":71}},"85":{"start":{"line":206,"column":32},"end":{"line":206,"column":71}},"86":{"start":{"line":207,"column":4},"end":{"line":208,"column":53}},"87":{"start":{"line":208,"column":6},"end":{"line":208,"column":53}},"88":{"start":{"line":209,"column":4},"end":{"line":210,"column":48}},"89":{"start":{"line":210,"column":6},"end":{"line":210,"column":48}},"90":{"start":{"line":211,"column":4},"end":{"line":212,"column":72}},"91":{"start":{"line":212,"column":6},"end":{"line":212,"column":72}},"92":{"start":{"line":213,"column":4},"end":{"line":213,"column":21}},"93":{"start":{"line":222,"column":15},"end":{"line":222,"column":55}},"94":{"start":{"line":223,"column":4},"end":{"line":223,"column":40}},"95":{"start":{"line":223,"column":28},"end":{"line":223,"column":40}},"96":{"start":{"line":224,"column":4},"end":{"line":224,"column":59}},"97":{"start":{"line":225,"column":4},"end":{"line":225,"column":80}},"98":{"start":{"line":225,"column":68},"end":{"line":225,"column":80}},"99":{"start":{"line":226,"column":4},"end":{"line":230,"column":60}},"100":{"start":{"line":230,"column":6},"end":{"line":230,"column":60}},"101":{"start":{"line":231,"column":4},"end":{"line":235,"column":57}},"102":{"start":{"line":235,"column":6},"end":{"line":235,"column":57}},"103":{"start":{"line":236,"column":4},"end":{"line":236,"column":21}},"104":{"start":{"line":244,"column":4},"end":{"line":244,"column":31}},"105":{"start":{"line":245,"column":4},"end":{"line":245,"column":56}},"106":{"start":{"line":253,"column":20},"end":{"line":253,"column":22}},"107":{"start":{"line":254,"column":4},"end":{"line":257,"column":6}},"108":{"start":{"line":258,"column":4},"end":{"line":268,"column":5}},"109":{"start":{"line":259,"column":6},"end":{"line":259,"column":71}},"110":{"start":{"line":260,"column":6},"end":{"line":260,"column":35}},"111":{"start":{"line":261,"column":6},"end":{"line":261,"column":44}},"112":{"start":{"line":262,"column":6},"end":{"line":266,"column":7}},"113":{"start":{"line":263,"column":8},"end":{"line":263,"column":37}},"114":{"start":{"line":264,"column":8},"end":{"line":264,"column":65}},"115":{"start":{"line":265,"column":8},"end":{"line":265,"column":56}},"116":{"start":{"line":267,"column":6},"end":{"line":267,"column":48}},"117":{"start":{"line":269,"column":4},"end":{"line":269,"column":21}},"118":{"start":{"line":276,"column":4},"end":{"line":277,"column":72}},"119":{"start":{"line":277,"column":6},"end":{"line":277,"column":72}},"120":{"start":{"line":278,"column":4},"end":{"line":278,"column":71}},"121":{"start":{"line":278,"column":32},"end":{"line":278,"column":71}},"122":{"start":{"line":279,"column":4},"end":{"line":280,"column":56}},"123":{"start":{"line":280,"column":6},"end":{"line":280,"column":56}},"124":{"start":{"line":281,"column":4},"end":{"line":282,"column":48}},"125":{"start":{"line":282,"column":6},"end":{"line":282,"column":48}},"126":{"start":{"line":283,"column":4},"end":{"line":284,"column":51}},"127":{"start":{"line":284,"column":6},"end":{"line":284,"column":51}},"128":{"start":{"line":285,"column":4},"end":{"line":285,"column":21}},"129":{"start":{"line":295,"column":4},"end":{"line":298,"column":6}},"130":{"start":{"line":307,"column":4},"end":{"line":307,"column":89}},"131":{"start":{"line":311,"column":6},"end":{"line":311,"column":62}},"132":{"start":{"line":321,"column":15},"end":{"line":321,"column":53}},"133":{"start":{"line":322,"column":4},"end":{"line":322,"column":40}},"134":{"start":{"line":322,"column":28},"end":{"line":322,"column":40}},"135":{"start":{"line":323,"column":4},"end":{"line":324,"column":63}},"136":{"start":{"line":324,"column":6},"end":{"line":324,"column":63}},"137":{"start":{"line":325,"column":4},"end":{"line":329,"column":57}},"138":{"start":{"line":329,"column":6},"end":{"line":329,"column":57}},"139":{"start":{"line":330,"column":4},"end":{"line":334,"column":60}},"140":{"start":{"line":334,"column":6},"end":{"line":334,"column":60}},"141":{"start":{"line":335,"column":4},"end":{"line":335,"column":21}},"142":{"start":{"line":345,"column":15},"end":{"line":345,"column":76}},"143":{"start":{"line":346,"column":4},"end":{"line":346,"column":40}},"144":{"start":{"line":346,"column":28},"end":{"line":346,"column":40}},"145":{"start":{"line":347,"column":4},"end":{"line":348,"column":68}},"146":{"start":{"line":348,"column":6},"end":{"line":348,"column":68}},"147":{"start":{"line":349,"column":4},"end":{"line":349,"column":21}},"148":{"start":{"line":359,"column":27},"end":{"line":359,"column":46}},"149":{"start":{"line":360,"column":24},"end":{"line":360,"column":42}},"150":{"start":{"line":361,"column":27},"end":{"line":361,"column":28}},"151":{"start":{"line":362,"column":26},"end":{"line":362,"column":27}},"152":{"start":{"line":364,"column":4},"end":{"line":396,"column":5}},"153":{"start":{"line":366,"column":8},"end":{"line":366,"column":30}},"154":{"start":{"line":367,"column":8},"end":{"line":367,"column":45}},"155":{"start":{"line":368,"column":8},"end":{"line":368,"column":14}},"156":{"start":{"line":370,"column":8},"end":{"line":370,"column":31}},"157":{"start":{"line":371,"column":8},"end":{"line":371,"column":47}},"158":{"start":{"line":372,"column":8},"end":{"line":372,"column":14}},"159":{"start":{"line":375,"column":8},"end":{"line":375,"column":31}},"160":{"start":{"line":376,"column":8},"end":{"line":376,"column":47}},"161":{"start":{"line":377,"column":8},"end":{"line":377,"column":14}},"162":{"start":{"line":379,"column":8},"end":{"line":379,"column":31}},"163":{"start":{"line":380,"column":8},"end":{"line":380,"column":46}},"164":{"start":{"line":381,"column":8},"end":{"line":381,"column":14}},"165":{"start":{"line":384,"column":8},"end":{"line":384,"column":31}},"166":{"start":{"line":385,"column":8},"end":{"line":385,"column":47}},"167":{"start":{"line":386,"column":8},"end":{"line":386,"column":14}},"168":{"start":{"line":389,"column":8},"end":{"line":389,"column":30}},"169":{"start":{"line":390,"column":8},"end":{"line":390,"column":45}},"170":{"start":{"line":391,"column":8},"end":{"line":391,"column":14}},"171":{"start":{"line":393,"column":8},"end":{"line":393,"column":30}},"172":{"start":{"line":394,"column":8},"end":{"line":394,"column":45}},"173":{"start":{"line":395,"column":8},"end":{"line":395,"column":14}},"174":{"start":{"line":397,"column":4},"end":{"line":402,"column":6}},"175":{"start":{"line":411,"column":4},"end":{"line":417,"column":5}},"176":{"start":{"line":412,"column":6},"end":{"line":412,"column":43}},"177":{"start":{"line":413,"column":11},"end":{"line":417,"column":5}},"178":{"start":{"line":414,"column":6},"end":{"line":414,"column":45}},"179":{"start":{"line":416,"column":6},"end":{"line":416,"column":36}},"180":{"start":{"line":427,"column":19},"end":{"line":427,"column":21}},"181":{"start":{"line":428,"column":4},"end":{"line":432,"column":6}},"182":{"start":{"line":433,"column":4},"end":{"line":529,"column":5}},"183":{"start":{"line":435,"column":6},"end":{"line":435,"column":71}},"184":{"start":{"line":436,"column":6},"end":{"line":436,"column":79}},"185":{"start":{"line":443,"column":10},"end":{"line":446,"column":7}},"186":{"start":{"line":448,"column":6},"end":{"line":448,"column":53}},"187":{"start":{"line":449,"column":6},"end":{"line":449,"column":55}},"188":{"start":{"line":451,"column":6},"end":{"line":454,"column":8}},"189":{"start":{"line":459,"column":6},"end":{"line":465,"column":7}},"190":{"start":{"line":463,"column":8},"end":{"line":464,"column":53}},"191":{"start":{"line":466,"column":6},"end":{"line":467,"column":62}},"192":{"start":{"line":469,"column":6},"end":{"line":525,"column":7}},"193":{"start":{"line":470,"column":8},"end":{"line":500,"column":9}},"194":{"start":{"line":472,"column":10},"end":{"line":472,"column":67}},"195":{"start":{"line":473,"column":10},"end":{"line":473,"column":74}},"196":{"start":{"line":474,"column":10},"end":{"line":474,"column":39}},"197":{"start":{"line":475,"column":10},"end":{"line":475,"column":39}},"198":{"start":{"line":476,"column":10},"end":{"line":476,"column":60}},"199":{"start":{"line":477,"column":10},"end":{"line":477,"column":62}},"200":{"start":{"line":478,"column":10},"end":{"line":478,"column":57}},"201":{"start":{"line":479,"column":10},"end":{"line":483,"column":11}},"202":{"start":{"line":480,"column":12},"end":{"line":480,"column":40}},"203":{"start":{"line":481,"column":12},"end":{"line":481,"column":68}},"204":{"start":{"line":482,"column":12},"end":{"line":482,"column":59}},"205":{"start":{"line":484,"column":15},"end":{"line":500,"column":9}},"206":{"start":{"line":486,"column":10},"end":{"line":486,"column":58}},"207":{"start":{"line":487,"column":10},"end":{"line":487,"column":63}},"208":{"start":{"line":488,"column":10},"end":{"line":488,"column":59}},"209":{"start":{"line":489,"column":10},"end":{"line":489,"column":54}},"210":{"start":{"line":490,"column":10},"end":{"line":490,"column":29}},"211":{"start":{"line":493,"column":10},"end":{"line":493,"column":67}},"212":{"start":{"line":494,"column":10},"end":{"line":494,"column":58}},"213":{"start":{"line":495,"column":10},"end":{"line":495,"column":63}},"214":{"start":{"line":496,"column":10},"end":{"line":496,"column":62}},"215":{"start":{"line":497,"column":10},"end":{"line":497,"column":54}},"216":{"start":{"line":498,"column":10},"end":{"line":498,"column":39}},"217":{"start":{"line":499,"column":10},"end":{"line":499,"column":29}},"218":{"start":{"line":501,"column":13},"end":{"line":525,"column":7}},"219":{"start":{"line":505,"column":8},"end":{"line":524,"column":9}},"220":{"start":{"line":507,"column":10},"end":{"line":507,"column":67}},"221":{"start":{"line":508,"column":10},"end":{"line":508,"column":60}},"222":{"start":{"line":509,"column":10},"end":{"line":509,"column":62}},"223":{"start":{"line":510,"column":10},"end":{"line":510,"column":54}},"224":{"start":{"line":511,"column":10},"end":{"line":511,"column":39}},"225":{"start":{"line":512,"column":15},"end":{"line":524,"column":9}},"226":{"start":{"line":514,"column":10},"end":{"line":514,"column":58}},"227":{"start":{"line":515,"column":10},"end":{"line":515,"column":63}},"228":{"start":{"line":516,"column":10},"end":{"line":516,"column":59}},"229":{"start":{"line":517,"column":10},"end":{"line":517,"column":54}},"230":{"start":{"line":518,"column":10},"end":{"line":518,"column":29}},"231":{"start":{"line":521,"column":10},"end":{"line":521,"column":60}},"232":{"start":{"line":522,"column":10},"end":{"line":522,"column":59}},"233":{"start":{"line":523,"column":10},"end":{"line":523,"column":54}},"234":{"start":{"line":526,"column":6},"end":{"line":526,"column":49}},"235":{"start":{"line":528,"column":6},"end":{"line":528,"column":44}},"236":{"start":{"line":530,"column":4},"end":{"line":530,"column":20}},"237":{"start":{"line":536,"column":4},"end":{"line":536,"column":71}},"238":{"start":{"line":536,"column":32},"end":{"line":536,"column":71}},"239":{"start":{"line":537,"column":4},"end":{"line":538,"column":51}},"240":{"start":{"line":538,"column":6},"end":{"line":538,"column":51}},"241":{"start":{"line":539,"column":4},"end":{"line":539,"column":21}},"242":{"start":{"line":546,"column":15},"end":{"line":546,"column":42}},"243":{"start":{"line":547,"column":4},"end":{"line":547,"column":40}},"244":{"start":{"line":547,"column":28},"end":{"line":547,"column":40}},"245":{"start":{"line":548,"column":4},"end":{"line":549,"column":60}},"246":{"start":{"line":549,"column":6},"end":{"line":549,"column":60}},"247":{"start":{"line":550,"column":4},"end":{"line":554,"column":72}},"248":{"start":{"line":554,"column":6},"end":{"line":554,"column":72}},"249":{"start":{"line":555,"column":4},"end":{"line":555,"column":21}},"250":{"start":{"line":562,"column":20},"end":{"line":562,"column":74}},"251":{"start":{"line":563,"column":4},"end":{"line":585,"column":5}},"252":{"start":{"line":564,"column":6},"end":{"line":580,"column":7}},"253":{"start":{"line":570,"column":8},"end":{"line":571,"column":49}},"254":{"start":{"line":572,"column":8},"end":{"line":573,"column":48}},"255":{"start":{"line":574,"column":8},"end":{"line":574,"column":34}},"256":{"start":{"line":576,"column":8},"end":{"line":577,"column":53}},"257":{"start":{"line":578,"column":8},"end":{"line":579,"column":51}},"258":{"start":{"line":581,"column":6},"end":{"line":582,"column":53}},"259":{"start":{"line":583,"column":6},"end":{"line":583,"column":43}},"260":{"start":{"line":584,"column":6},"end":{"line":584,"column":38}},"261":{"start":{"line":586,"column":4},"end":{"line":590,"column":6}},"262":{"start":{"line":594,"column":25},"end":{"line":594,"column":27}},"263":{"start":{"line":597,"column":4},"end":{"line":602,"column":5}},"264":{"start":{"line":598,"column":6},"end":{"line":598,"column":30}},"265":{"start":{"line":599,"column":6},"end":{"line":601,"column":7}},"266":{"start":{"line":600,"column":8},"end":{"line":600,"column":37}},"267":{"start":{"line":604,"column":4},"end":{"line":604,"column":25}},"268":{"start":{"line":606,"column":4},"end":{"line":623,"column":5}},"269":{"start":{"line":607,"column":6},"end":{"line":607,"column":68}},"270":{"start":{"line":608,"column":6},"end":{"line":608,"column":60}},"271":{"start":{"line":610,"column":6},"end":{"line":622,"column":7}},"272":{"start":{"line":611,"column":8},"end":{"line":611,"column":36}},"273":{"start":{"line":613,"column":8},"end":{"line":613,"column":27}},"274":{"start":{"line":614,"column":16},"end":{"line":614,"column":66}},"275":{"start":{"line":615,"column":8},"end":{"line":621,"column":9}},"276":{"start":{"line":616,"column":10},"end":{"line":616,"column":31}},"277":{"start":{"line":617,"column":15},"end":{"line":621,"column":9}},"278":{"start":{"line":618,"column":10},"end":{"line":618,"column":28}},"279":{"start":{"line":620,"column":10},"end":{"line":620,"column":28}},"280":{"start":{"line":628,"column":0},"end":{"line":628,"column":29}}},"fnMap":{"0":{"name":"(anonymous_0)","decl":{"start":{"line":23,"column":2},"end":{"line":23,"column":3}},"loc":{"start":{"line":23,"column":38},"end":{"line":25,"column":3}},"line":23},"1":{"name":"(anonymous_1)","decl":{"start":{"line":26,"column":2},"end":{"line":26,"column":3}},"loc":{"start":{"line":26,"column":33},"end":{"line":28,"column":3}},"line":26},"2":{"name":"(anonymous_2)","decl":{"start":{"line":29,"column":2},"end":{"line":29,"column":3}},"loc":{"start":{"line":29,"column":30},"end":{"line":31,"column":3}},"line":29},"3":{"name":"(anonymous_3)","decl":{"start":{"line":32,"column":2},"end":{"line":32,"column":3}},"loc":{"start":{"line":32,"column":24},"end":{"line":34,"column":3}},"line":32},"4":{"name":"(anonymous_4)","decl":{"start":{"line":35,"column":2},"end":{"line":35,"column":3}},"loc":{"start":{"line":35,"column":38},"end":{"line":37,"column":3}},"line":35},"5":{"name":"(anonymous_5)","decl":{"start":{"line":38,"column":2},"end":{"line":38,"column":3}},"loc":{"start":{"line":38,"column":31},"end":{"line":40,"column":3}},"line":38},"6":{"name":"(anonymous_6)","decl":{"start":{"line":41,"column":2},"end":{"line":41,"column":3}},"loc":{"start":{"line":41,"column":27},"end":{"line":43,"column":3}},"line":41},"7":{"name":"(anonymous_7)","decl":{"start":{"line":48,"column":2},"end":{"line":48,"column":3}},"loc":{"start":{"line":48,"column":22},"end":{"line":77,"column":3}},"line":48},"8":{"name":"(anonymous_8)","decl":{"start":{"line":80,"column":2},"end":{"line":80,"column":3}},"loc":{"start":{"line":80,"column":17},"end":{"line":90,"column":3}},"line":80},"9":{"name":"(anonymous_9)","decl":{"start":{"line":92,"column":2},"end":{"line":92,"column":3}},"loc":{"start":{"line":92,"column":16},"end":{"line":94,"column":3}},"line":92},"10":{"name":"(anonymous_10)","decl":{"start":{"line":96,"column":2},"end":{"line":96,"column":3}},"loc":{"start":{"line":96,"column":20},"end":{"line":98,"column":3}},"line":96},"11":{"name":"(anonymous_11)","decl":{"start":{"line":100,"column":2},"end":{"line":100,"column":3}},"loc":{"start":{"line":100,"column":32},"end":{"line":102,"column":3}},"line":100},"12":{"name":"(anonymous_12)","decl":{"start":{"line":104,"column":2},"end":{"line":104,"column":3}},"loc":{"start":{"line":104,"column":22},"end":{"line":106,"column":3}},"line":104},"13":{"name":"(anonymous_13)","decl":{"start":{"line":108,"column":2},"end":{"line":108,"column":3}},"loc":{"start":{"line":108,"column":17},"end":{"line":128,"column":3}},"line":108},"14":{"name":"(anonymous_14)","decl":{"start":{"line":133,"column":2},"end":{"line":133,"column":3}},"loc":{"start":{"line":133,"column":25},"end":{"line":143,"column":3}},"line":133},"15":{"name":"(anonymous_15)","decl":{"start":{"line":145,"column":2},"end":{"line":145,"column":3}},"loc":{"start":{"line":145,"column":22},"end":{"line":151,"column":3}},"line":145},"16":{"name":"(anonymous_16)","decl":{"start":{"line":153,"column":2},"end":{"line":153,"column":3}},"loc":{"start":{"line":153,"column":40},"end":{"line":159,"column":3}},"line":153},"17":{"name":"(anonymous_17)","decl":{"start":{"line":166,"column":2},"end":{"line":166,"column":3}},"loc":{"start":{"line":166,"column":58},"end":{"line":174,"column":3}},"line":166},"18":{"name":"(anonymous_18)","decl":{"start":{"line":182,"column":2},"end":{"line":182,"column":3}},"loc":{"start":{"line":182,"column":55},"end":{"line":199,"column":3}},"line":182},"19":{"name":"(anonymous_19)","decl":{"start":{"line":205,"column":2},"end":{"line":205,"column":3}},"loc":{"start":{"line":205,"column":38},"end":{"line":214,"column":3}},"line":205},"20":{"name":"(anonymous_20)","decl":{"start":{"line":221,"column":2},"end":{"line":221,"column":3}},"loc":{"start":{"line":221,"column":60},"end":{"line":237,"column":3}},"line":221},"21":{"name":"(anonymous_21)","decl":{"start":{"line":243,"column":2},"end":{"line":243,"column":3}},"loc":{"start":{"line":243,"column":35},"end":{"line":246,"column":3}},"line":243},"22":{"name":"(anonymous_22)","decl":{"start":{"line":252,"column":2},"end":{"line":252,"column":3}},"loc":{"start":{"line":252,"column":55},"end":{"line":270,"column":3}},"line":252},"23":{"name":"(anonymous_23)","decl":{"start":{"line":275,"column":2},"end":{"line":275,"column":3}},"loc":{"start":{"line":275,"column":36},"end":{"line":286,"column":3}},"line":275},"24":{"name":"(anonymous_24)","decl":{"start":{"line":294,"column":2},"end":{"line":294,"column":3}},"loc":{"start":{"line":294,"column":43},"end":{"line":299,"column":3}},"line":294},"25":{"name":"(anonymous_25)","decl":{"start":{"line":306,"column":2},"end":{"line":306,"column":3}},"loc":{"start":{"line":306,"column":35},"end":{"line":308,"column":3}},"line":306},"26":{"name":"(anonymous_26)","decl":{"start":{"line":310,"column":2},"end":{"line":310,"column":3}},"loc":{"start":{"line":310,"column":38},"end":{"line":312,"column":3}},"line":310},"27":{"name":"(anonymous_27)","decl":{"start":{"line":320,"column":2},"end":{"line":320,"column":3}},"loc":{"start":{"line":320,"column":57},"end":{"line":336,"column":3}},"line":320},"28":{"name":"(anonymous_28)","decl":{"start":{"line":344,"column":2},"end":{"line":344,"column":3}},"loc":{"start":{"line":344,"column":74},"end":{"line":350,"column":3}},"line":344},"29":{"name":"(anonymous_29)","decl":{"start":{"line":358,"column":2},"end":{"line":358,"column":3}},"loc":{"start":{"line":358,"column":50},"end":{"line":403,"column":3}},"line":358},"30":{"name":"(anonymous_30)","decl":{"start":{"line":410,"column":2},"end":{"line":410,"column":3}},"loc":{"start":{"line":410,"column":60},"end":{"line":418,"column":3}},"line":410},"31":{"name":"(anonymous_31)","decl":{"start":{"line":425,"column":2},"end":{"line":425,"column":3}},"loc":{"start":{"line":425,"column":69},"end":{"line":531,"column":3}},"line":425},"32":{"name":"(anonymous_32)","decl":{"start":{"line":535,"column":2},"end":{"line":535,"column":3}},"loc":{"start":{"line":535,"column":25},"end":{"line":540,"column":3}},"line":535},"33":{"name":"(anonymous_33)","decl":{"start":{"line":545,"column":2},"end":{"line":545,"column":3}},"loc":{"start":{"line":545,"column":58},"end":{"line":556,"column":3}},"line":545},"34":{"name":"(anonymous_34)","decl":{"start":{"line":561,"column":2},"end":{"line":561,"column":3}},"loc":{"start":{"line":561,"column":34},"end":{"line":591,"column":3}},"line":561},"35":{"name":"(anonymous_35)","decl":{"start":{"line":593,"column":2},"end":{"line":593,"column":3}},"loc":{"start":{"line":593,"column":19},"end":{"line":624,"column":3}},"line":593}},"branchMap":{"0":{"loc":{"start":{"line":115,"column":6},"end":{"line":126,"column":7}},"type":"if","locations":[{"start":{"line":115,"column":6},"end":{"line":126,"column":7}},{"start":{"line":115,"column":6},"end":{"line":126,"column":7}}],"line":115},"1":{"loc":{"start":{"line":116,"column":8},"end":{"line":123,"column":9}},"type":"if","locations":[{"start":{"line":116,"column":8},"end":{"line":123,"column":9}},{"start":{"line":116,"column":8},"end":{"line":123,"column":9}}],"line":116},"2":{"loc":{"start":{"line":134,"column":4},"end":{"line":135,"column":62}},"type":"if","locations":[{"start":{"line":134,"column":4},"end":{"line":135,"column":62}},{"start":{"line":134,"column":4},"end":{"line":135,"column":62}}],"line":134},"3":{"loc":{"start":{"line":137,"column":4},"end":{"line":142,"column":5}},"type":"if","locations":[{"start":{"line":137,"column":4},"end":{"line":142,"column":5}},{"start":{"line":137,"column":4},"end":{"line":142,"column":5}}],"line":137},"4":{"loc":{"start":{"line":146,"column":4},"end":{"line":147,"column":46}},"type":"if","locations":[{"start":{"line":146,"column":4},"end":{"line":147,"column":46}},{"start":{"line":146,"column":4},"end":{"line":147,"column":46}}],"line":146},"5":{"loc":{"start":{"line":148,"column":4},"end":{"line":149,"column":44}},"type":"if","locations":[{"start":{"line":148,"column":4},"end":{"line":149,"column":44}},{"start":{"line":148,"column":4},"end":{"line":149,"column":44}}],"line":148},"6":{"loc":{"start":{"line":155,"column":4},"end":{"line":155,"column":40}},"type":"if","locations":[{"start":{"line":155,"column":4},"end":{"line":155,"column":40}},{"start":{"line":155,"column":4},"end":{"line":155,"column":40}}],"line":155},"7":{"loc":{"start":{"line":156,"column":4},"end":{"line":157,"column":57}},"type":"if","locations":[{"start":{"line":156,"column":4},"end":{"line":157,"column":57}},{"start":{"line":156,"column":4},"end":{"line":157,"column":57}}],"line":156},"8":{"loc":{"start":{"line":168,"column":4},"end":{"line":168,"column":40}},"type":"if","locations":[{"start":{"line":168,"column":4},"end":{"line":168,"column":40}},{"start":{"line":168,"column":4},"end":{"line":168,"column":40}}],"line":168},"9":{"loc":{"start":{"line":169,"column":4},"end":{"line":172,"column":56}},"type":"if","locations":[{"start":{"line":169,"column":4},"end":{"line":172,"column":56}},{"start":{"line":169,"column":4},"end":{"line":172,"column":56}}],"line":169},"10":{"loc":{"start":{"line":188,"column":4},"end":{"line":197,"column":5}},"type":"if","locations":[{"start":{"line":188,"column":4},"end":{"line":197,"column":5}},{"start":{"line":188,"column":4},"end":{"line":197,"column":5}}],"line":188},"11":{"loc":{"start":{"line":192,"column":6},"end":{"line":193,"column":35}},"type":"if","locations":[{"start":{"line":192,"column":6},"end":{"line":193,"column":35}},{"start":{"line":192,"column":6},"end":{"line":193,"column":35}}],"line":192},"12":{"loc":{"start":{"line":206,"column":4},"end":{"line":206,"column":71}},"type":"if","locations":[{"start":{"line":206,"column":4},"end":{"line":206,"column":71}},{"start":{"line":206,"column":4},"end":{"line":206,"column":71}}],"line":206},"13":{"loc":{"start":{"line":207,"column":4},"end":{"line":208,"column":53}},"type":"if","locations":[{"start":{"line":207,"column":4},"end":{"line":208,"column":53}},{"start":{"line":207,"column":4},"end":{"line":208,"column":53}}],"line":207},"14":{"loc":{"start":{"line":209,"column":4},"end":{"line":210,"column":48}},"type":"if","locations":[{"start":{"line":209,"column":4},"end":{"line":210,"column":48}},{"start":{"line":209,"column":4},"end":{"line":210,"column":48}}],"line":209},"15":{"loc":{"start":{"line":211,"column":4},"end":{"line":212,"column":72}},"type":"if","locations":[{"start":{"line":211,"column":4},"end":{"line":212,"column":72}},{"start":{"line":211,"column":4},"end":{"line":212,"column":72}}],"line":211},"16":{"loc":{"start":{"line":223,"column":4},"end":{"line":223,"column":40}},"type":"if","locations":[{"start":{"line":223,"column":4},"end":{"line":223,"column":40}},{"start":{"line":223,"column":4},"end":{"line":223,"column":40}}],"line":223},"17":{"loc":{"start":{"line":225,"column":4},"end":{"line":225,"column":80}},"type":"if","locations":[{"start":{"line":225,"column":4},"end":{"line":225,"column":80}},{"start":{"line":225,"column":4},"end":{"line":225,"column":80}}],"line":225},"18":{"loc":{"start":{"line":226,"column":4},"end":{"line":230,"column":60}},"type":"if","locations":[{"start":{"line":226,"column":4},"end":{"line":230,"column":60}},{"start":{"line":226,"column":4},"end":{"line":230,"column":60}}],"line":226},"19":{"loc":{"start":{"line":231,"column":4},"end":{"line":235,"column":57}},"type":"if","locations":[{"start":{"line":231,"column":4},"end":{"line":235,"column":57}},{"start":{"line":231,"column":4},"end":{"line":235,"column":57}}],"line":231},"20":{"loc":{"start":{"line":258,"column":4},"end":{"line":268,"column":5}},"type":"if","locations":[{"start":{"line":258,"column":4},"end":{"line":268,"column":5}},{"start":{"line":258,"column":4},"end":{"line":268,"column":5}}],"line":258},"21":{"loc":{"start":{"line":262,"column":6},"end":{"line":266,"column":7}},"type":"if","locations":[{"start":{"line":262,"column":6},"end":{"line":266,"column":7}},{"start":{"line":262,"column":6},"end":{"line":266,"column":7}}],"line":262},"22":{"loc":{"start":{"line":276,"column":4},"end":{"line":277,"column":72}},"type":"if","locations":[{"start":{"line":276,"column":4},"end":{"line":277,"column":72}},{"start":{"line":276,"column":4},"end":{"line":277,"column":72}}],"line":276},"23":{"loc":{"start":{"line":278,"column":4},"end":{"line":278,"column":71}},"type":"if","locations":[{"start":{"line":278,"column":4},"end":{"line":278,"column":71}},{"start":{"line":278,"column":4},"end":{"line":278,"column":71}}],"line":278},"24":{"loc":{"start":{"line":279,"column":4},"end":{"line":280,"column":56}},"type":"if","locations":[{"start":{"line":279,"column":4},"end":{"line":280,"column":56}},{"start":{"line":279,"column":4},"end":{"line":280,"column":56}}],"line":279},"25":{"loc":{"start":{"line":281,"column":4},"end":{"line":282,"column":48}},"type":"if","locations":[{"start":{"line":281,"column":4},"end":{"line":282,"column":48}},{"start":{"line":281,"column":4},"end":{"line":282,"column":48}}],"line":281},"26":{"loc":{"start":{"line":283,"column":4},"end":{"line":284,"column":51}},"type":"if","locations":[{"start":{"line":283,"column":4},"end":{"line":284,"column":51}},{"start":{"line":283,"column":4},"end":{"line":284,"column":51}}],"line":283},"27":{"loc":{"start":{"line":296,"column":6},"end":{"line":297,"column":51}},"type":"binary-expr","locations":[{"start":{"line":296,"column":6},"end":{"line":296,"column":51}},{"start":{"line":297,"column":6},"end":{"line":297,"column":51}}],"line":296},"28":{"loc":{"start":{"line":307,"column":11},"end":{"line":307,"column":88}},"type":"binary-expr","locations":[{"start":{"line":307,"column":11},"end":{"line":307,"column":45}},{"start":{"line":307,"column":49},"end":{"line":307,"column":88}}],"line":307},"29":{"loc":{"start":{"line":322,"column":4},"end":{"line":322,"column":40}},"type":"if","locations":[{"start":{"line":322,"column":4},"end":{"line":322,"column":40}},{"start":{"line":322,"column":4},"end":{"line":322,"column":40}}],"line":322},"30":{"loc":{"start":{"line":323,"column":4},"end":{"line":324,"column":63}},"type":"if","locations":[{"start":{"line":323,"column":4},"end":{"line":324,"column":63}},{"start":{"line":323,"column":4},"end":{"line":324,"column":63}}],"line":323},"31":{"loc":{"start":{"line":325,"column":4},"end":{"line":329,"column":57}},"type":"if","locations":[{"start":{"line":325,"column":4},"end":{"line":329,"column":57}},{"start":{"line":325,"column":4},"end":{"line":329,"column":57}}],"line":325},"32":{"loc":{"start":{"line":330,"column":4},"end":{"line":334,"column":60}},"type":"if","locations":[{"start":{"line":330,"column":4},"end":{"line":334,"column":60}},{"start":{"line":330,"column":4},"end":{"line":334,"column":60}}],"line":330},"33":{"loc":{"start":{"line":346,"column":4},"end":{"line":346,"column":40}},"type":"if","locations":[{"start":{"line":346,"column":4},"end":{"line":346,"column":40}},{"start":{"line":346,"column":4},"end":{"line":346,"column":40}}],"line":346},"34":{"loc":{"start":{"line":347,"column":4},"end":{"line":348,"column":68}},"type":"if","locations":[{"start":{"line":347,"column":4},"end":{"line":348,"column":68}},{"start":{"line":347,"column":4},"end":{"line":348,"column":68}}],"line":347},"35":{"loc":{"start":{"line":364,"column":4},"end":{"line":396,"column":5}},"type":"switch","locations":[{"start":{"line":365,"column":6},"end":{"line":368,"column":14}},{"start":{"line":369,"column":6},"end":{"line":372,"column":14}},{"start":{"line":373,"column":6},"end":{"line":373,"column":64}},{"start":{"line":374,"column":6},"end":{"line":377,"column":14}},{"start":{"line":378,"column":6},"end":{"line":381,"column":14}},{"start":{"line":382,"column":6},"end":{"line":382,"column":61}},{"start":{"line":383,"column":6},"end":{"line":386,"column":14}},{"start":{"line":387,"column":6},"end":{"line":387,"column":61}},{"start":{"line":388,"column":6},"end":{"line":391,"column":14}},{"start":{"line":392,"column":6},"end":{"line":395,"column":14}}],"line":364},"36":{"loc":{"start":{"line":411,"column":4},"end":{"line":417,"column":5}},"type":"if","locations":[{"start":{"line":411,"column":4},"end":{"line":417,"column":5}},{"start":{"line":411,"column":4},"end":{"line":417,"column":5}}],"line":411},"37":{"loc":{"start":{"line":413,"column":11},"end":{"line":417,"column":5}},"type":"if","locations":[{"start":{"line":413,"column":11},"end":{"line":417,"column":5}},{"start":{"line":413,"column":11},"end":{"line":417,"column":5}}],"line":413},"38":{"loc":{"start":{"line":433,"column":4},"end":{"line":529,"column":5}},"type":"if","locations":[{"start":{"line":433,"column":4},"end":{"line":529,"column":5}},{"start":{"line":433,"column":4},"end":{"line":529,"column":5}}],"line":433},"39":{"loc":{"start":{"line":459,"column":6},"end":{"line":465,"column":7}},"type":"if","locations":[{"start":{"line":459,"column":6},"end":{"line":465,"column":7}},{"start":{"line":459,"column":6},"end":{"line":465,"column":7}}],"line":459},"40":{"loc":{"start":{"line":469,"column":6},"end":{"line":525,"column":7}},"type":"if","locations":[{"start":{"line":469,"column":6},"end":{"line":525,"column":7}},{"start":{"line":469,"column":6},"end":{"line":525,"column":7}}],"line":469},"41":{"loc":{"start":{"line":470,"column":8},"end":{"line":500,"column":9}},"type":"if","locations":[{"start":{"line":470,"column":8},"end":{"line":500,"column":9}},{"start":{"line":470,"column":8},"end":{"line":500,"column":9}}],"line":470},"42":{"loc":{"start":{"line":479,"column":10},"end":{"line":483,"column":11}},"type":"if","locations":[{"start":{"line":479,"column":10},"end":{"line":483,"column":11}},{"start":{"line":479,"column":10},"end":{"line":483,"column":11}}],"line":479},"43":{"loc":{"start":{"line":484,"column":15},"end":{"line":500,"column":9}},"type":"if","locations":[{"start":{"line":484,"column":15},"end":{"line":500,"column":9}},{"start":{"line":484,"column":15},"end":{"line":500,"column":9}}],"line":484},"44":{"loc":{"start":{"line":501,"column":13},"end":{"line":525,"column":7}},"type":"if","locations":[{"start":{"line":501,"column":13},"end":{"line":525,"column":7}},{"start":{"line":501,"column":13},"end":{"line":525,"column":7}}],"line":501},"45":{"loc":{"start":{"line":505,"column":8},"end":{"line":524,"column":9}},"type":"if","locations":[{"start":{"line":505,"column":8},"end":{"line":524,"column":9}},{"start":{"line":505,"column":8},"end":{"line":524,"column":9}}],"line":505},"46":{"loc":{"start":{"line":512,"column":15},"end":{"line":524,"column":9}},"type":"if","locations":[{"start":{"line":512,"column":15},"end":{"line":524,"column":9}},{"start":{"line":512,"column":15},"end":{"line":524,"column":9}}],"line":512},"47":{"loc":{"start":{"line":536,"column":4},"end":{"line":536,"column":71}},"type":"if","locations":[{"start":{"line":536,"column":4},"end":{"line":536,"column":71}},{"start":{"line":536,"column":4},"end":{"line":536,"column":71}}],"line":536},"48":{"loc":{"start":{"line":537,"column":4},"end":{"line":538,"column":51}},"type":"if","locations":[{"start":{"line":537,"column":4},"end":{"line":538,"column":51}},{"start":{"line":537,"column":4},"end":{"line":538,"column":51}}],"line":537},"49":{"loc":{"start":{"line":547,"column":4},"end":{"line":547,"column":40}},"type":"if","locations":[{"start":{"line":547,"column":4},"end":{"line":547,"column":40}},{"start":{"line":547,"column":4},"end":{"line":547,"column":40}}],"line":547},"50":{"loc":{"start":{"line":548,"column":4},"end":{"line":549,"column":60}},"type":"if","locations":[{"start":{"line":548,"column":4},"end":{"line":549,"column":60}},{"start":{"line":548,"column":4},"end":{"line":549,"column":60}}],"line":548},"51":{"loc":{"start":{"line":550,"column":4},"end":{"line":554,"column":72}},"type":"if","locations":[{"start":{"line":550,"column":4},"end":{"line":554,"column":72}},{"start":{"line":550,"column":4},"end":{"line":554,"column":72}}],"line":550},"52":{"loc":{"start":{"line":563,"column":4},"end":{"line":585,"column":5}},"type":"if","locations":[{"start":{"line":563,"column":4},"end":{"line":585,"column":5}},{"start":{"line":563,"column":4},"end":{"line":585,"column":5}}],"line":563},"53":{"loc":{"start":{"line":564,"column":6},"end":{"line":580,"column":7}},"type":"if","locations":[{"start":{"line":564,"column":6},"end":{"line":580,"column":7}},{"start":{"line":564,"column":6},"end":{"line":580,"column":7}}],"line":564},"54":{"loc":{"start":{"line":565,"column":8},"end":{"line":568,"column":51}},"type":"binary-expr","locations":[{"start":{"line":565,"column":8},"end":{"line":566,"column":52}},{"start":{"line":567,"column":8},"end":{"line":568,"column":51}}],"line":565},"55":{"loc":{"start":{"line":610,"column":6},"end":{"line":622,"column":7}},"type":"if","locations":[{"start":{"line":610,"column":6},"end":{"line":622,"column":7}},{"start":{"line":610,"column":6},"end":{"line":622,"column":7}}],"line":610},"56":{"loc":{"start":{"line":615,"column":8},"end":{"line":621,"column":9}},"type":"if","locations":[{"start":{"line":615,"column":8},"end":{"line":621,"column":9}},{"start":{"line":615,"column":8},"end":{"line":621,"column":9}}],"line":615},"57":{"loc":{"start":{"line":617,"column":15},"end":{"line":621,"column":9}},"type":"if","locations":[{"start":{"line":617,"column":15},"end":{"line":621,"column":9}},{"start":{"line":617,"column":15},"end":{"line":621,"column":9}}],"line":617}},"s":{"0":2,"1":2,"2":2,"3":2,"4":2,"5":2,"6":2,"7":2,"8":539,"9":781,"10":709,"11":3394,"12":2,"13":3,"14":2,"15":125,"16":125,"17":125,"18":125,"19":125,"20":375,"21":375,"22":125,"23":125,"24":125,"25":125,"26":125,"27":125,"28":125,"29":125,"30":0,"31":1,"32":1,"33":2,"34":17,"35":9,"36":9,"37":9,"38":9,"39":9,"40":9,"41":27,"42":2,"43":1,"44":1,"45":1,"46":2,"47":2,"48":3,"49":1,"50":2,"51":2,"52":1,"53":1,"54":1,"55":39,"56":1,"57":38,"58":0,"59":38,"60":39,"61":39,"62":1,"63":38,"64":2,"65":36,"66":39,"67":39,"68":3,"69":36,"70":1,"71":35,"72":35,"73":35,"74":35,"75":34,"76":34,"77":34,"78":34,"79":27,"80":34,"81":34,"82":34,"83":35,"84":11,"85":3,"86":8,"87":1,"88":7,"89":1,"90":6,"91":6,"92":0,"93":7,"94":7,"95":7,"96":0,"97":0,"98":0,"99":0,"100":0,"101":0,"102":0,"103":0,"104":1,"105":1,"106":2,"107":2,"108":2,"109":0,"110":0,"111":0,"112":0,"113":0,"114":0,"115":0,"116":0,"117":2,"118":18,"119":18,"120":0,"121":0,"122":0,"123":0,"124":0,"125":0,"126":0,"127":0,"128":0,"129":0,"130":38,"131":36,"132":13,"133":13,"134":13,"135":0,"136":0,"137":0,"138":0,"139":0,"140":0,"141":0,"142":13,"143":13,"144":13,"145":0,"146":0,"147":0,"148":12,"149":12,"150":12,"151":12,"152":12,"153":1,"154":1,"155":1,"156":1,"157":1,"158":1,"159":2,"160":2,"161":2,"162":1,"163":1,"164":1,"165":2,"166":2,"167":2,"168":2,"169":2,"170":2,"171":1,"172":1,"173":1,"174":12,"175":3,"176":0,"177":3,"178":0,"179":3,"180":7,"181":7,"182":7,"183":0,"184":0,"185":0,"186":0,"187":0,"188":0,"189":0,"190":0,"191":0,"192":0,"193":0,"194":0,"195":0,"196":0,"197":0,"198":0,"199":0,"200":0,"201":0,"202":0,"203":0,"204":0,"205":0,"206":0,"207":0,"208":0,"209":0,"210":0,"211":0,"212":0,"213":0,"214":0,"215":0,"216":0,"217":0,"218":0,"219":0,"220":0,"221":0,"222":0,"223":0,"224":0,"225":0,"226":0,"227":0,"228":0,"229":0,"230":0,"231":0,"232":0,"233":0,"234":0,"235":0,"236":7,"237":10,"238":3,"239":7,"240":1,"241":6,"242":6,"243":6,"244":1,"245":5,"246":1,"247":4,"248":1,"249":3,"250":2,"251":2,"252":2,"253":1,"254":1,"255":1,"256":1,"257":1,"258":2,"259":2,"260":2,"261":2,"262":15,"263":15,"264":60,"265":60,"266":780,"267":15,"268":15,"269":3378,"270":3378,"271":3378,"272":780,"273":780,"274":780,"275":780,"276":75,"277":705,"278":75,"279":630,"280":2},"f":{"0":539,"1":781,"2":709,"3":3394,"4":2,"5":3,"6":2,"7":125,"8":0,"9":1,"10":1,"11":2,"12":17,"13":9,"14":3,"15":39,"16":39,"17":39,"18":35,"19":11,"20":7,"21":1,"22":2,"23":18,"24":0,"25":38,"26":36,"27":13,"28":13,"29":12,"30":3,"31":7,"32":10,"33":6,"34":2,"35":15},"b":{"0":[2,25],"1":[1,1],"2":[1,2],"3":[1,1],"4":[1,38],"5":[0,38],"6":[1,38],"7":[2,36],"8":[3,36],"9":[1,35],"10":[34,1],"11":[27,7],"12":[3,8],"13":[1,7],"14":[1,6],"15":[6,0],"16":[7,0],"17":[0,0],"18":[0,0],"19":[0,0],"20":[0,2],"21":[0,0],"22":[18,0],"23":[0,0],"24":[0,0],"25":[0,0],"26":[0,0],"27":[0,0],"28":[38,38],"29":[13,0],"30":[0,0],"31":[0,0],"32":[0,0],"33":[13,0],"34":[0,0],"35":[1,1,1,2,1,1,2,1,2,1],"36":[0,3],"37":[0,3],"38":[0,7],"39":[0,0],"40":[0,0],"41":[0,0],"42":[0,0],"43":[0,0],"44":[0,0],"45":[0,0],"46":[0,0],"47":[3,7],"48":[1,6],"49":[1,5],"50":[1,4],"51":[1,3],"52":[2,0],"53":[1,1],"54":[2,2],"55":[780,2598],"56":[75,705],"57":[75,630]},"_coverageSchema":"332fd63041d2c1bcb487cc26dd0d5f7d97098a6c","hash":"e716f15210448ea3b1f862d46863d0012210c5c4"}
}
