TN:
SF:C:\Users\cemp2\Documents\GitHub\battlecard-api\clases\carta.js
FN:10,(anonymous_0)
FN:13,(anonymous_1)
FN:16,(anonymous_2)
FN:19,(anonymous_3)
FN:27,(anonymous_4)
FNF:5
FNH:5
FNDA:7615,(anonymous_0)
FNDA:2,(anonymous_1)
FNDA:6849,(anonymous_2)
FNDA:7830,(anonymous_3)
FNDA:825,(anonymous_4)
DA:1,4
DA:7,4
DA:11,7615
DA:14,2
DA:17,6849
DA:20,7830
DA:28,825
DA:29,825
DA:33,4
LF:9
LH:9
BRF:0
BRH:0
end_of_record
TN:
SF:C:\Users\cemp2\Documents\GitHub\battlecard-api\clases\celdabatalla.js
FN:18,(anonymous_0)
FN:22,(anonymous_1)
FN:37,(anonymous_2)
FN:49,(anonymous_3)
FN:59,(anonymous_4)
FN:68,(anonymous_5)
FN:77,(anonymous_6)
FN:82,(anonymous_7)
FNF:8
FNH:8
FNDA:1487,(anonymous_0)
FNDA:388,(anonymous_1)
FNDA:46,(anonymous_2)
FNDA:5,(anonymous_3)
FNDA:3,(anonymous_4)
FNDA:2,(anonymous_5)
FNDA:2,(anonymous_6)
FNDA:1,(anonymous_7)
DA:2,4
DA:4,4
DA:15,4
DA:19,1487
DA:23,388
DA:24,388
DA:25,388
DA:29,388
DA:38,46
DA:39,46
DA:40,46
DA:41,35
DA:42,11
DA:43,46
DA:50,5
DA:51,1
DA:52,4
DA:53,1
DA:54,3
DA:55,3
DA:56,3
DA:60,3
DA:63,3
DA:64,2
DA:65,3
DA:69,2
DA:72,2
DA:73,1
DA:74,2
DA:78,2
DA:79,2
DA:86,1
DA:87,1
DA:88,1
DA:89,1
DA:93,4
LF:36
LH:36
BRDA:40,0,0,35
BRDA:40,0,1,11
BRDA:50,1,0,1
BRDA:50,1,1,4
BRDA:52,2,0,1
BRDA:52,2,1,3
BRDA:63,3,0,2
BRDA:63,3,1,1
BRDA:72,4,0,1
BRDA:72,4,1,1
BRF:10
BRH:10
end_of_record
TN:
SF:C:\Users\cemp2\Documents\GitHub\battlecard-api\clases\juego.js
FN:11,(anonymous_0)
FN:14,(anonymous_1)
FN:39,(anonymous_2)
FN:43,(anonymous_3)
FN:57,(anonymous_4)
FN:65,(anonymous_5)
FN:88,(anonymous_6)
FN:101,(anonymous_7)
FN:110,(anonymous_8)
FN:131,(anonymous_9)
FN:145,(anonymous_10)
FN:153,(anonymous_11)
FN:162,(anonymous_12)
FN:173,(anonymous_13)
FN:187,(anonymous_14)
FN:197,(anonymous_15)
FN:201,(anonymous_16)
FN:202,(anonymous_17)
FNF:18
FNH:7
FNDA:23,(anonymous_0)
FNDA:15,(anonymous_1)
FNDA:23,(anonymous_2)
FNDA:10,(anonymous_3)
FNDA:23,(anonymous_4)
FNDA:9,(anonymous_5)
FNDA:0,(anonymous_6)
FNDA:1,(anonymous_7)
FNDA:0,(anonymous_8)
FNDA:0,(anonymous_9)
FNDA:0,(anonymous_10)
FNDA:0,(anonymous_11)
FNDA:0,(anonymous_12)
FNDA:0,(anonymous_13)
FNDA:0,(anonymous_14)
FNDA:0,(anonymous_15)
FNDA:0,(anonymous_16)
FNDA:0,(anonymous_17)
DA:1,1
DA:3,1
DA:8,1
DA:12,23
DA:18,15
DA:22,15
DA:26,15
DA:27,15
DA:28,15
DA:29,15
DA:30,15
DA:31,15
DA:32,15
DA:40,23
DA:41,23
DA:42,22
DA:43,22
DA:45,22
DA:46,22
DA:47,22
DA:48,22
DA:49,22
DA:50,22
DA:51,22
DA:52,22
DA:54,23
DA:58,23
DA:59,23
DA:60,34
DA:62,23
DA:66,9
DA:68,1
DA:70,8
DA:72,7
DA:73,7
DA:74,7
DA:75,7
DA:76,7
DA:77,7
DA:78,7
DA:79,7
DA:80,7
DA:81,7
DA:84,1
DA:89,0
DA:90,0
DA:91,0
DA:92,0
DA:93,0
DA:94,0
DA:95,0
DA:96,0
DA:97,0
DA:98,0
DA:102,1
DA:103,1
DA:104,1
DA:105,1
DA:106,1
DA:107,1
DA:111,0
DA:112,0
DA:113,0
DA:124,0
DA:125,0
DA:127,0
DA:132,0
DA:133,0
DA:134,0
DA:135,0
DA:137,0
DA:146,0
DA:154,0
DA:163,0
DA:174,0
DA:175,0
DA:176,0
DA:177,0
DA:180,0
DA:188,0
DA:189,0
DA:190,0
DA:191,0
DA:194,0
DA:198,0
DA:202,0
DA:206,1
LF:87
LH:51
BRDA:41,0,0,1
BRDA:41,0,1,22
BRDA:42,1,0,0
BRDA:42,1,1,22
BRDA:43,2,0,0
BRDA:43,2,1,22
BRDA:49,3,0,12
BRDA:49,3,1,10
BRDA:50,4,0,10
BRDA:50,4,1,12
BRDA:66,5,0,1
BRDA:66,5,1,8
BRDA:66,6,0,9
BRDA:66,6,1,1
BRDA:70,7,0,7
BRDA:70,7,1,1
BRDA:70,8,0,8
BRDA:70,8,1,7
BRDA:124,9,0,0
BRDA:124,9,1,0
BRDA:133,10,0,0
BRDA:133,10,1,0
BRDA:175,11,0,0
BRDA:175,11,1,0
BRDA:176,12,0,0
BRDA:176,12,1,0
BRDA:189,13,0,0
BRDA:189,13,1,0
BRDA:190,14,0,0
BRDA:190,14,1,0
BRF:30
BRH:16
end_of_record
TN:
SF:C:\Users\cemp2\Documents\GitHub\battlecard-api\clases\jugador.js
FN:23,(anonymous_0)
FN:26,(anonymous_1)
FN:29,(anonymous_2)
FN:32,(anonymous_3)
FN:35,(anonymous_4)
FN:38,(anonymous_5)
FN:41,(anonymous_6)
FN:48,(anonymous_7)
FN:80,(anonymous_8)
FN:92,(anonymous_9)
FN:96,(anonymous_10)
FN:100,(anonymous_11)
FN:104,(anonymous_12)
FN:108,(anonymous_13)
FN:133,(anonymous_14)
FN:145,(anonymous_15)
FN:153,(anonymous_16)
FN:166,(anonymous_17)
FN:182,(anonymous_18)
FN:205,(anonymous_19)
FN:221,(anonymous_20)
FN:243,(anonymous_21)
FN:252,(anonymous_22)
FN:275,(anonymous_23)
FN:294,(anonymous_24)
FN:306,(anonymous_25)
FN:310,(anonymous_26)
FN:320,(anonymous_27)
FN:344,(anonymous_28)
FN:358,(anonymous_29)
FN:410,(anonymous_30)
FN:425,(anonymous_31)
FN:535,(anonymous_32)
FN:545,(anonymous_33)
FN:561,(anonymous_34)
FN:593,(anonymous_35)
FNF:36
FNH:34
FNDA:539,(anonymous_0)
FNDA:781,(anonymous_1)
FNDA:709,(anonymous_2)
FNDA:3394,(anonymous_3)
FNDA:2,(anonymous_4)
FNDA:3,(anonymous_5)
FNDA:2,(anonymous_6)
FNDA:125,(anonymous_7)
FNDA:0,(anonymous_8)
FNDA:1,(anonymous_9)
FNDA:1,(anonymous_10)
FNDA:2,(anonymous_11)
FNDA:17,(anonymous_12)
FNDA:9,(anonymous_13)
FNDA:3,(anonymous_14)
FNDA:39,(anonymous_15)
FNDA:39,(anonymous_16)
FNDA:39,(anonymous_17)
FNDA:35,(anonymous_18)
FNDA:11,(anonymous_19)
FNDA:7,(anonymous_20)
FNDA:1,(anonymous_21)
FNDA:2,(anonymous_22)
FNDA:18,(anonymous_23)
FNDA:0,(anonymous_24)
FNDA:38,(anonymous_25)
FNDA:36,(anonymous_26)
FNDA:13,(anonymous_27)
FNDA:13,(anonymous_28)
FNDA:12,(anonymous_29)
FNDA:3,(anonymous_30)
FNDA:7,(anonymous_31)
FNDA:10,(anonymous_32)
FNDA:6,(anonymous_33)
FNDA:2,(anonymous_34)
FNDA:15,(anonymous_35)
DA:2,2
DA:3,2
DA:5,2
DA:10,2
DA:11,2
DA:16,2
DA:17,2
DA:21,2
DA:24,539
DA:27,781
DA:30,709
DA:33,3394
DA:36,2
DA:39,3
DA:42,2
DA:49,125
DA:50,125
DA:51,125
DA:55,125
DA:56,125
DA:57,375
DA:58,375
DA:63,125
DA:67,125
DA:71,125
DA:72,125
DA:73,125
DA:74,125
DA:75,125
DA:76,125
DA:81,0
DA:93,1
DA:97,1
DA:101,2
DA:105,17
DA:109,9
DA:110,9
DA:111,9
DA:112,9
DA:113,9
DA:114,9
DA:115,27
DA:116,2
DA:119,1
DA:120,1
DA:122,1
DA:124,2
DA:125,2
DA:134,3
DA:135,1
DA:136,2
DA:137,2
DA:138,1
DA:140,1
DA:141,1
DA:146,39
DA:147,1
DA:148,38
DA:149,0
DA:150,38
DA:154,39
DA:155,39
DA:156,38
DA:157,2
DA:158,36
DA:167,39
DA:168,39
DA:169,36
DA:172,1
DA:173,35
DA:183,35
DA:184,35
DA:188,35
DA:189,34
DA:190,34
DA:191,34
DA:192,34
DA:193,27
DA:194,34
DA:195,34
DA:196,34
DA:198,35
DA:206,11
DA:207,8
DA:208,1
DA:209,7
DA:210,1
DA:211,6
DA:212,6
DA:213,0
DA:222,7
DA:223,7
DA:224,0
DA:225,0
DA:226,0
DA:230,0
DA:231,0
DA:235,0
DA:236,0
DA:244,1
DA:245,1
DA:253,2
DA:254,2
DA:258,2
DA:259,0
DA:260,0
DA:261,0
DA:262,0
DA:263,0
DA:264,0
DA:265,0
DA:267,0
DA:269,2
DA:276,18
DA:277,18
DA:278,0
DA:279,0
DA:280,0
DA:281,0
DA:282,0
DA:283,0
DA:284,0
DA:285,0
DA:295,0
DA:307,38
DA:311,36
DA:321,13
DA:322,13
DA:323,0
DA:324,0
DA:325,0
DA:329,0
DA:330,0
DA:334,0
DA:335,0
DA:345,13
DA:346,13
DA:347,0
DA:348,0
DA:349,0
DA:359,12
DA:360,12
DA:361,12
DA:362,12
DA:364,12
DA:366,1
DA:367,1
DA:368,1
DA:370,1
DA:371,1
DA:372,1
DA:375,2
DA:376,2
DA:377,2
DA:379,1
DA:380,1
DA:381,1
DA:384,2
DA:385,2
DA:386,2
DA:389,2
DA:390,2
DA:391,2
DA:393,1
DA:394,1
DA:395,1
DA:397,12
DA:411,3
DA:412,0
DA:413,3
DA:414,0
DA:416,3
DA:427,7
DA:428,7
DA:433,7
DA:435,0
DA:436,0
DA:443,0
DA:448,0
DA:449,0
DA:451,0
DA:459,0
DA:463,0
DA:466,0
DA:469,0
DA:470,0
DA:472,0
DA:473,0
DA:474,0
DA:475,0
DA:476,0
DA:477,0
DA:478,0
DA:479,0
DA:480,0
DA:481,0
DA:482,0
DA:484,0
DA:486,0
DA:487,0
DA:488,0
DA:489,0
DA:490,0
DA:493,0
DA:494,0
DA:495,0
DA:496,0
DA:497,0
DA:498,0
DA:499,0
DA:501,0
DA:505,0
DA:507,0
DA:508,0
DA:509,0
DA:510,0
DA:511,0
DA:512,0
DA:514,0
DA:515,0
DA:516,0
DA:517,0
DA:518,0
DA:521,0
DA:522,0
DA:523,0
DA:526,0
DA:528,0
DA:530,7
DA:536,10
DA:537,7
DA:538,1
DA:539,6
DA:546,6
DA:547,6
DA:548,5
DA:549,1
DA:550,4
DA:554,1
DA:555,3
DA:562,2
DA:563,2
DA:564,2
DA:570,1
DA:572,1
DA:574,1
DA:576,1
DA:578,1
DA:581,2
DA:583,2
DA:584,2
DA:586,2
DA:594,15
DA:597,15
DA:598,60
DA:599,60
DA:600,780
DA:604,15
DA:606,15
DA:607,3378
DA:608,3378
DA:610,3378
DA:611,780
DA:613,780
DA:614,780
DA:615,780
DA:616,75
DA:617,705
DA:618,75
DA:620,630
DA:628,2
LF:271
LH:179
BRDA:115,0,0,2
BRDA:115,0,1,25
BRDA:116,1,0,1
BRDA:116,1,1,1
BRDA:134,2,0,1
BRDA:134,2,1,2
BRDA:137,3,0,1
BRDA:137,3,1,1
BRDA:146,4,0,1
BRDA:146,4,1,38
BRDA:148,5,0,0
BRDA:148,5,1,38
BRDA:155,6,0,1
BRDA:155,6,1,38
BRDA:156,7,0,2
BRDA:156,7,1,36
BRDA:168,8,0,3
BRDA:168,8,1,36
BRDA:169,9,0,1
BRDA:169,9,1,35
BRDA:188,10,0,34
BRDA:188,10,1,1
BRDA:192,11,0,27
BRDA:192,11,1,7
BRDA:206,12,0,3
BRDA:206,12,1,8
BRDA:207,13,0,1
BRDA:207,13,1,7
BRDA:209,14,0,1
BRDA:209,14,1,6
BRDA:211,15,0,6
BRDA:211,15,1,0
BRDA:223,16,0,7
BRDA:223,16,1,0
BRDA:225,17,0,0
BRDA:225,17,1,0
BRDA:226,18,0,0
BRDA:226,18,1,0
BRDA:231,19,0,0
BRDA:231,19,1,0
BRDA:258,20,0,0
BRDA:258,20,1,2
BRDA:262,21,0,0
BRDA:262,21,1,0
BRDA:276,22,0,18
BRDA:276,22,1,0
BRDA:278,23,0,0
BRDA:278,23,1,0
BRDA:279,24,0,0
BRDA:279,24,1,0
BRDA:281,25,0,0
BRDA:281,25,1,0
BRDA:283,26,0,0
BRDA:283,26,1,0
BRDA:296,27,0,0
BRDA:296,27,1,0
BRDA:307,28,0,38
BRDA:307,28,1,38
BRDA:322,29,0,13
BRDA:322,29,1,0
BRDA:323,30,0,0
BRDA:323,30,1,0
BRDA:325,31,0,0
BRDA:325,31,1,0
BRDA:330,32,0,0
BRDA:330,32,1,0
BRDA:346,33,0,13
BRDA:346,33,1,0
BRDA:347,34,0,0
BRDA:347,34,1,0
BRDA:364,35,0,1
BRDA:364,35,1,1
BRDA:364,35,2,1
BRDA:364,35,3,2
BRDA:364,35,4,1
BRDA:364,35,5,1
BRDA:364,35,6,2
BRDA:364,35,7,1
BRDA:364,35,8,2
BRDA:364,35,9,1
BRDA:411,36,0,0
BRDA:411,36,1,3
BRDA:413,37,0,0
BRDA:413,37,1,3
BRDA:433,38,0,0
BRDA:433,38,1,7
BRDA:459,39,0,0
BRDA:459,39,1,0
BRDA:469,40,0,0
BRDA:469,40,1,0
BRDA:470,41,0,0
BRDA:470,41,1,0
BRDA:479,42,0,0
BRDA:479,42,1,0
BRDA:484,43,0,0
BRDA:484,43,1,0
BRDA:501,44,0,0
BRDA:501,44,1,0
BRDA:505,45,0,0
BRDA:505,45,1,0
BRDA:512,46,0,0
BRDA:512,46,1,0
BRDA:536,47,0,3
BRDA:536,47,1,7
BRDA:537,48,0,1
BRDA:537,48,1,6
BRDA:547,49,0,1
BRDA:547,49,1,5
BRDA:548,50,0,1
BRDA:548,50,1,4
BRDA:550,51,0,1
BRDA:550,51,1,3
BRDA:563,52,0,2
BRDA:563,52,1,0
BRDA:564,53,0,1
BRDA:564,53,1,1
BRDA:565,54,0,2
BRDA:565,54,1,2
BRDA:610,55,0,780
BRDA:610,55,1,2598
BRDA:615,56,0,75
BRDA:615,56,1,705
BRDA:617,57,0,75
BRDA:617,57,1,630
BRF:124
BRH:71
end_of_record
